  imgui.cpp
  imgui_demo.cpp
  imgui_draw.cpp
  imgui_impl_dx11.cpp
  imgui_impl_dx12.cpp
  imgui_impl_win32.cpp
  imgui_tables.cpp
  imgui_widgets.cpp
  implot.cpp
  implot_items.cpp
  SmoothNoise.cpp
  AudioSystem.cpp
  Clock.cpp
  DebugRenderSystem.cpp
  DevConsole.cpp
  EngineCommon.cpp
  ErrorWarningAssert.cpp
  EventSystem.cpp
  FileUtils.cpp
  HeatMaps.cpp
  Generating Code...
  Compiling...
  Image.cpp
  NamedStrings.cpp
  NetworkSystem.cpp
  Rgba8.cpp
  StaticMesh.cpp
  StaticMeshUtils.cpp
  StringUtils.cpp
  Time.cpp
  Timer.cpp
  VertexUtils.cpp
  Vertex_PCU.cpp
  Vertex_PCUTBN.cpp
  XmlUtils.cpp
  AnalogJoystick.cpp
  InputSystem.cpp
  KeyButtonState.cpp
  XboxController.cpp
  JobSystem.cpp
C:\p4\Personal\SD\Engine\Code\Engine\Job\JobSystem.cpp(68,42): warning C4456: declaration of 'lock' hides previous local declaration
  AABB2.cpp
  AABB3.cpp
  Generating Code...
  Compiling...
  Capsule2D.cpp
  Disc2D.cpp
  EulerAngles.cpp
  FloatRange.cpp
  Frustum.cpp
  IntRange.cpp
  IntVec2.cpp
  IntVec3.cpp
  Mat44.cpp
  MathUtils.cpp
  OBB2.cpp
  OBB3.cpp
  Plane3.cpp
  RandomNumberGenerator.cpp
  Sphere.cpp
  Spline.cpp
  Vec2.cpp
  Vec3.cpp
  Vec4.cpp
  BitmapFont.cpp
  Generating Code...
  Compiling...
  RadianceCache.cpp
  SurfaceCache.cpp
  Camera.cpp
  ConstantBuffer.cpp
  DX11Renderer.cpp
  DX12Renderer.cpp
  DXRAcceleration.cpp
  GBufferData.cpp
  GISystem.cpp
C:\p4\Personal\SD\Engine\Code\Engine\Renderer\GI\GISystem.cpp(132,90): warning C4100: 'batchStart': unreferenced formal parameter
  SDFGenerator.cpp
  IndexBuffer.cpp
  Renderer.cpp
  Shader.cpp
  SimpleTriangleFont.cpp
  SpriteAnimDefinition.cpp
  SpriteDefinition.cpp
  SpriteSheet.cpp
  Texture.cpp
  VertexBuffer.cpp
  DataStorage.cpp
  Generating Code...
  Compiling...
  ISerializable.cpp
  RLECompression.cpp
  SaveSystem.cpp
  BVH.cpp
  MeshManager.cpp
  MeshObject.cpp
  Scene.cpp
  tinyxml2.cpp
  Button.cpp
  DialogueSystem.cpp
  UIElement.cpp
  UISystem.cpp
  Widget.cpp
  Window.cpp
  Generating Code...
  Engine.vcxproj -> C:\p4\Personal\SD\ChessSoul\Temporary\Engine_x64_Debug\Engine.lib
